2016-04-15 04:29:42,246 INFO  [Client] System exited with error ../configs.txt (No such file or directory)
2016-04-15 04:29:42,450 INFO  [Client] System exited with error ../configs.txt (No such file or directory)
2016-04-15 04:29:42,647 INFO  [Client] System exited with error ../configs.txt (No such file or directory)
2016-04-15 04:29:42,876 INFO  [Client] System exited with error ../configs.txt (No such file or directory)
2016-04-15 04:29:43,087 INFO  [Client] System exited with error ../configs.txt (No such file or directory)
2016-04-15 04:29:43,301 INFO  [Client] System exited with error ../configs.txt (No such file or directory)
2016-04-15 04:29:43,509 INFO  [Client] System exited with error ../configs.txt (No such file or directory)
2016-04-15 04:29:43,715 INFO  [Client] System exited with error ../configs.txt (No such file or directory)
2016-04-15 04:29:43,918 INFO  [Client] System exited with error ../configs.txt (No such file or directory)
2016-04-15 04:29:44,129 INFO  [Client] System exited with error ../configs.txt (No such file or directory)
2016-04-15 04:29:44,340 INFO  [Client] System exited with error ../configs.txt (No such file or directory)
2016-04-15 04:29:44,557 INFO  [Client] System exited with error ../configs.txt (No such file or directory)
2016-04-15 04:29:44,763 INFO  [Client] System exited with error ../configs.txt (No such file or directory)
2016-04-15 04:29:44,971 INFO  [Client] System exited with error ../configs.txt (No such file or directory)
2016-04-15 04:29:45,175 INFO  [Client] System exited with error ../configs.txt (No such file or directory)
2016-04-15 04:29:45,377 INFO  [Client] System exited with error ../configs.txt (No such file or directory)
2016-04-15 04:29:45,583 INFO  [Client] System exited with error ../configs.txt (No such file or directory)
2016-04-15 04:29:45,786 INFO  [Client] System exited with error ../configs.txt (No such file or directory)
2016-04-15 04:29:45,988 INFO  [Client] System exited with error ../configs.txt (No such file or directory)
2016-04-15 04:29:46,199 INFO  [Client] System exited with error ../configs.txt (No such file or directory)
2016-04-15 04:29:46,465 INFO  [Client] System exited with error ../configs.txt (No such file or directory)
2016-04-15 04:29:46,475 INFO  [Client] System exited with error ../configs.txt (No such file or directory)
2016-04-15 04:29:46,683 INFO  [Client] System exited with error ../configs.txt (No such file or directory)
2016-04-15 04:29:46,891 INFO  [Client] System exited with error ../configs.txt (No such file or directory)
2016-04-15 04:29:47,102 INFO  [Client] System exited with error ../configs.txt (No such file or directory)
2016-04-15 04:29:47,305 INFO  [Client] System exited with error ../configs.txt (No such file or directory)
2016-04-15 04:29:59,605 INFO  [Client] System exited with error ../configs.txt (No such file or directory)
2016-04-15 04:29:59,807 INFO  [Client] System exited with error ../configs.txt (No such file or directory)
2016-04-15 04:30:00,018 INFO  [Client] System exited with error ../configs.txt (No such file or directory)
2016-04-15 04:30:00,218 INFO  [Client] System exited with error ../configs.txt (No such file or directory)
2016-04-15 04:30:00,415 INFO  [Client] System exited with error ../configs.txt (No such file or directory)
2016-04-15 04:30:49,548 INFO  [Client] System exited with error ../configs.txt (No such file or directory)
2016-04-15 04:30:49,742 INFO  [Client] System exited with error ../configs.txt (No such file or directory)
2016-04-15 04:30:49,952 INFO  [Client] System exited with error ../configs.txt (No such file or directory)
2016-04-15 04:30:50,152 INFO  [Client] System exited with error ../configs.txt (No such file or directory)
2016-04-15 04:30:50,364 INFO  [Client] System exited with error ../configs.txt (No such file or directory)
2016-04-15 04:30:50,574 INFO  [Client] System exited with error ../configs.txt (No such file or directory)
2016-04-15 04:30:50,772 INFO  [Client] System exited with error ../configs.txt (No such file or directory)
2016-04-15 04:30:51,011 INFO  [Client] System exited with error ../configs.txt (No such file or directory)
2016-04-15 04:30:51,225 INFO  [Client] System exited with error ../configs.txt (No such file or directory)
2016-04-15 04:30:51,429 INFO  [Client] System exited with error ../configs.txt (No such file or directory)
2016-04-15 04:30:51,635 INFO  [Client] System exited with error ../configs.txt (No such file or directory)
2016-04-15 04:30:51,848 INFO  [Client] System exited with error ../configs.txt (No such file or directory)
2016-04-15 04:30:52,056 INFO  [Client] System exited with error ../configs.txt (No such file or directory)
2016-04-15 04:30:52,256 INFO  [Client] System exited with error ../configs.txt (No such file or directory)
2016-04-15 04:30:52,473 INFO  [Client] System exited with error ../configs.txt (No such file or directory)
2016-04-15 04:30:52,677 INFO  [Client] System exited with error ../configs.txt (No such file or directory)
2016-04-15 04:30:52,897 INFO  [Client] System exited with error ../configs.txt (No such file or directory)
2016-04-15 04:30:53,106 INFO  [Client] System exited with error ../configs.txt (No such file or directory)
2016-04-15 04:30:53,307 INFO  [Client] System exited with error ../configs.txt (No such file or directory)
2016-04-15 04:30:53,510 INFO  [Client] System exited with error ../configs.txt (No such file or directory)
2016-04-15 04:30:53,751 INFO  [Client] System exited with error ../configs.txt (No such file or directory)
2016-04-15 04:30:53,755 INFO  [Client] System exited with error ../configs.txt (No such file or directory)
2016-04-15 04:30:53,962 INFO  [Client] System exited with error ../configs.txt (No such file or directory)
2016-04-15 04:30:54,168 INFO  [Client] System exited with error ../configs.txt (No such file or directory)
2016-04-15 04:30:54,367 INFO  [Client] System exited with error ../configs.txt (No such file or directory)
2016-04-15 04:30:54,560 INFO  [Client] System exited with error ../configs.txt (No such file or directory)
2016-04-15 04:31:19,303 INFO  [Client] System exited with error ../configs.txt (No such file or directory)
2016-04-15 04:31:19,511 INFO  [Client] System exited with error ../configs.txt (No such file or directory)
2016-04-15 04:31:19,717 INFO  [Client] System exited with error ../configs.txt (No such file or directory)
2016-04-15 04:31:19,923 INFO  [Client] System exited with error ../configs.txt (No such file or directory)
2016-04-15 04:31:20,130 INFO  [Client] System exited with error ../configs.txt (No such file or directory)
2016-04-15 04:31:20,337 INFO  [Client] System exited with error ../configs.txt (No such file or directory)
2016-04-15 04:31:20,539 INFO  [Client] System exited with error ../configs.txt (No such file or directory)
2016-04-15 04:31:20,740 INFO  [Client] System exited with error ../configs.txt (No such file or directory)
2016-04-15 04:31:20,943 INFO  [Client] System exited with error ../configs.txt (No such file or directory)
2016-04-15 04:31:21,146 INFO  [Client] System exited with error ../configs.txt (No such file or directory)
2016-04-15 04:31:21,357 INFO  [Client] System exited with error ../configs.txt (No such file or directory)
2016-04-15 04:31:21,575 INFO  [Client] System exited with error ../configs.txt (No such file or directory)
2016-04-15 04:31:21,817 INFO  [Client] System exited with error ../configs.txt (No such file or directory)
2016-04-15 04:31:22,118 INFO  [Client] System exited with error ../configs.txt (No such file or directory)
2016-04-15 04:31:22,335 INFO  [Client] System exited with error ../configs.txt (No such file or directory)
2016-04-15 04:31:22,540 INFO  [Client] System exited with error ../configs.txt (No such file or directory)
2016-04-15 04:31:22,740 INFO  [Client] System exited with error ../configs.txt (No such file or directory)
2016-04-15 04:31:22,963 INFO  [Client] System exited with error ../configs.txt (No such file or directory)
2016-04-15 04:31:23,165 INFO  [Client] System exited with error ../configs.txt (No such file or directory)
2016-04-15 04:31:23,366 INFO  [Client] System exited with error ../configs.txt (No such file or directory)
2016-04-15 04:31:23,612 INFO  [Client] System exited with error ../configs.txt (No such file or directory)
2016-04-15 04:31:23,613 INFO  [Client] System exited with error ../configs.txt (No such file or directory)
2016-04-15 04:31:23,819 INFO  [Client] System exited with error ../configs.txt (No such file or directory)
2016-04-15 04:31:24,025 INFO  [Client] System exited with error ../configs.txt (No such file or directory)
2016-04-15 04:31:24,231 INFO  [Client] System exited with error ../configs.txt (No such file or directory)
2016-04-15 04:31:24,439 INFO  [Client] System exited with error ../configs.txt (No such file or directory)
2016-04-15 04:31:36,723 INFO  [Client] System exited with error ../configs.txt (No such file or directory)
2016-04-15 04:31:36,925 INFO  [Client] System exited with error ../configs.txt (No such file or directory)
2016-04-15 04:31:37,135 INFO  [Client] System exited with error ../configs.txt (No such file or directory)
2016-04-15 04:31:37,337 INFO  [Client] System exited with error ../configs.txt (No such file or directory)
2016-04-15 04:31:37,548 INFO  [Client] System exited with error ../configs.txt (No such file or directory)
2016-04-15 04:32:51,265 INFO  [Client] Loading configurations from configs.txt..
2016-04-15 04:32:51,286 INFO  [Client] This request has id :2e2d5e60-ec68-4726-9b78-bc6dcd4d1d4e
2016-04-15 04:32:52,042 INFO  [Client] Contact server 1 at hostname:port xinu00.cs.purdue.edu : 3700 FAILED. Trying others..
2016-04-15 04:32:52,171 INFO  [Client] Contact server 2 at hostname:port xinu01.cs.purdue.edu : 3700 FAILED. Trying others..
2016-04-15 04:32:52,300 INFO  [Client] Contact server 3 at hostname:port xinu02.cs.purdue.edu : 3700 FAILED. Trying others..
2016-04-15 04:32:52,437 INFO  [Client] Contact server 4 at hostname:port xinu03.cs.purdue.edu : 3700 FAILED. Trying others..
2016-04-15 04:32:52,438 ERROR [Client] Error occured while connecting to RMI server with error, -1
2016-04-15 04:32:52,640 INFO  [Client] Loading configurations from configs.txt..
2016-04-15 04:32:52,661 INFO  [Client] This request has id :4678b0e1-1b8b-4a93-b7dd-1ed88100ed2b
2016-04-15 04:32:52,751 INFO  [Client] Contact server 2 at hostname:port xinu01.cs.purdue.edu : 3700 FAILED. Trying others..
2016-04-15 04:32:52,816 INFO  [Client] Contact server 3 at hostname:port xinu02.cs.purdue.edu : 3700 FAILED. Trying others..
2016-04-15 04:32:52,880 INFO  [Client] Contact server 4 at hostname:port xinu03.cs.purdue.edu : 3700 FAILED. Trying others..
2016-04-15 04:32:52,881 ERROR [Client] Error occured while connecting to RMI server with error, -1
2016-04-15 04:32:53,087 INFO  [Client] Loading configurations from configs.txt..
2016-04-15 04:32:53,107 INFO  [Client] This request has id :16842315-f101-403e-89c6-c8eb117658b1
2016-04-15 04:32:53,202 INFO  [Client] Contact server 3 at hostname:port xinu02.cs.purdue.edu : 3700 FAILED. Trying others..
2016-04-15 04:32:53,263 INFO  [Client] Contact server 4 at hostname:port xinu03.cs.purdue.edu : 3700 FAILED. Trying others..
2016-04-15 04:32:53,264 ERROR [Client] Error occured while connecting to RMI server with error, -1
2016-04-15 04:32:53,480 INFO  [Client] Loading configurations from configs.txt..
2016-04-15 04:32:53,502 INFO  [Client] This request has id :b1a63400-e65e-4653-a617-6b57b019a15a
2016-04-15 04:32:53,805 INFO  [Client] Contact server 4 at hostname:port xinu03.cs.purdue.edu : 3700 FAILED. Trying others..
2016-04-15 04:32:53,806 ERROR [Client] Error occured while connecting to RMI server with error, -1
2016-04-15 04:32:54,007 INFO  [Client] Loading configurations from configs.txt..
2016-04-15 04:32:54,030 INFO  [Client] This request has id :21e5689b-6ccd-48f9-a415-005bb94ce270
2016-04-15 04:32:54,194 INFO  [Client] Contact server 5 at hostname:port xinu04.cs.purdue.edu : 3700 FAILED. Trying others..
2016-04-15 04:32:54,261 INFO  [Client] Contact server 1 at hostname:port xinu00.cs.purdue.edu : 3700 FAILED. Trying others..
2016-04-15 04:32:54,326 INFO  [Client] Contact server 2 at hostname:port xinu01.cs.purdue.edu : 3700 FAILED. Trying others..
2016-04-15 04:32:54,394 INFO  [Client] Contact server 3 at hostname:port xinu02.cs.purdue.edu : 3700 FAILED. Trying others..
2016-04-15 04:32:54,461 INFO  [Client] Contact server 4 at hostname:port xinu03.cs.purdue.edu : 3700 FAILED. Trying others..
2016-04-15 04:32:54,462 ERROR [Client] Error occured while connecting to RMI server with error, -1
2016-04-15 04:32:54,668 INFO  [Client] Loading configurations from configs.txt..
2016-04-15 04:32:54,689 INFO  [Client] This request has id :cd279132-f373-4599-9632-2d37bc791fc0
2016-04-15 04:32:54,782 INFO  [Client] Contact server 5 at hostname:port xinu04.cs.purdue.edu : 3700 FAILED. Trying others..
2016-04-15 04:32:54,846 INFO  [Client] Contact server 1 at hostname:port xinu00.cs.purdue.edu : 3700 FAILED. Trying others..
2016-04-15 04:32:54,910 INFO  [Client] Contact server 2 at hostname:port xinu01.cs.purdue.edu : 3700 FAILED. Trying others..
2016-04-15 04:32:54,975 INFO  [Client] Contact server 3 at hostname:port xinu02.cs.purdue.edu : 3700 FAILED. Trying others..
2016-04-15 04:32:55,041 INFO  [Client] Contact server 4 at hostname:port xinu03.cs.purdue.edu : 3700 FAILED. Trying others..
2016-04-15 04:32:55,041 ERROR [Client] Error occured while connecting to RMI server with error, -1
2016-04-15 04:32:55,238 INFO  [Client] Loading configurations from configs.txt..
2016-04-15 04:32:55,264 INFO  [Client] This request has id :40a2d816-8399-4ef6-a6f2-955ba5986ec6
2016-04-15 04:32:55,366 INFO  [Client] Contact server 2 at hostname:port xinu01.cs.purdue.edu : 3700 FAILED. Trying others..
2016-04-15 04:32:55,430 INFO  [Client] Contact server 3 at hostname:port xinu02.cs.purdue.edu : 3700 FAILED. Trying others..
2016-04-15 04:32:55,500 INFO  [Client] Contact server 4 at hostname:port xinu03.cs.purdue.edu : 3700 FAILED. Trying others..
2016-04-15 04:32:55,501 ERROR [Client] Error occured while connecting to RMI server with error, -1
2016-04-15 04:32:55,711 INFO  [Client] Loading configurations from configs.txt..
2016-04-15 04:32:55,731 INFO  [Client] This request has id :0e95553a-c58d-4725-86d7-39b42e2a5041
2016-04-15 04:32:55,822 INFO  [Client] Contact server 3 at hostname:port xinu02.cs.purdue.edu : 3700 FAILED. Trying others..
2016-04-15 04:32:55,891 INFO  [Client] Contact server 4 at hostname:port xinu03.cs.purdue.edu : 3700 FAILED. Trying others..
2016-04-15 04:32:55,892 ERROR [Client] Error occured while connecting to RMI server with error, -1
2016-04-15 04:32:56,095 INFO  [Client] Loading configurations from configs.txt..
2016-04-15 04:32:56,117 INFO  [Client] This request has id :22a5ae62-b915-4c0c-bd1e-cce106736a22
2016-04-15 04:32:56,212 INFO  [Client] Contact server 1 at hostname:port xinu00.cs.purdue.edu : 3700 FAILED. Trying others..
2016-04-15 04:32:56,281 INFO  [Client] Contact server 2 at hostname:port xinu01.cs.purdue.edu : 3700 FAILED. Trying others..
2016-04-15 04:32:56,344 INFO  [Client] Contact server 3 at hostname:port xinu02.cs.purdue.edu : 3700 FAILED. Trying others..
2016-04-15 04:32:56,406 INFO  [Client] Contact server 4 at hostname:port xinu03.cs.purdue.edu : 3700 FAILED. Trying others..
2016-04-15 04:32:56,407 ERROR [Client] Error occured while connecting to RMI server with error, -1
2016-04-15 04:32:56,620 INFO  [Client] Loading configurations from configs.txt..
2016-04-15 04:32:56,641 INFO  [Client] This request has id :286db9a5-f58b-4d3e-bcc5-9ded8c30e703
2016-04-15 04:32:56,742 INFO  [Client] Contact server 4 at hostname:port xinu03.cs.purdue.edu : 3700 FAILED. Trying others..
2016-04-15 04:32:56,743 ERROR [Client] Error occured while connecting to RMI server with error, -1
2016-04-15 04:32:56,949 INFO  [Client] Loading configurations from configs.txt..
2016-04-15 04:32:56,970 INFO  [Client] This request has id :952b2af8-a7be-485b-b31f-67cd4d257454
2016-04-15 04:32:57,061 INFO  [Client] Contact server 1 at hostname:port xinu00.cs.purdue.edu : 3700 FAILED. Trying others..
2016-04-15 04:32:57,126 INFO  [Client] Contact server 2 at hostname:port xinu01.cs.purdue.edu : 3700 FAILED. Trying others..
2016-04-15 04:32:57,281 INFO  [Client] Contact server 3 at hostname:port xinu02.cs.purdue.edu : 3700 FAILED. Trying others..
2016-04-15 04:32:57,351 INFO  [Client] Contact server 4 at hostname:port xinu03.cs.purdue.edu : 3700 FAILED. Trying others..
2016-04-15 04:32:57,352 ERROR [Client] Error occured while connecting to RMI server with error, -1
2016-04-15 04:32:57,557 INFO  [Client] Loading configurations from configs.txt..
2016-04-15 04:32:57,578 INFO  [Client] This request has id :c3050091-ab48-4909-b68d-85494a164eee
2016-04-15 04:32:57,676 INFO  [Client] Contact server 3 at hostname:port xinu02.cs.purdue.edu : 3700 FAILED. Trying others..
2016-04-15 04:32:57,741 INFO  [Client] Contact server 4 at hostname:port xinu03.cs.purdue.edu : 3700 FAILED. Trying others..
2016-04-15 04:32:57,742 ERROR [Client] Error occured while connecting to RMI server with error, -1
2016-04-15 04:32:57,949 INFO  [Client] Loading configurations from configs.txt..
2016-04-15 04:32:57,971 INFO  [Client] This request has id :54cbdc01-4e5d-4457-9672-26ff2f73bc47
2016-04-15 04:32:58,067 INFO  [Client] Contact server 4 at hostname:port xinu03.cs.purdue.edu : 3700 FAILED. Trying others..
2016-04-15 04:32:58,068 ERROR [Client] Error occured while connecting to RMI server with error, -1
2016-04-15 04:32:58,272 INFO  [Client] Loading configurations from configs.txt..
2016-04-15 04:32:58,292 INFO  [Client] This request has id :6ba8c4bb-e751-488e-a113-f313db3e953a
2016-04-15 04:32:58,387 INFO  [Client] Contact server 2 at hostname:port xinu01.cs.purdue.edu : 3700 FAILED. Trying others..
2016-04-15 04:32:58,451 INFO  [Client] Contact server 3 at hostname:port xinu02.cs.purdue.edu : 3700 FAILED. Trying others..
2016-04-15 04:32:58,514 INFO  [Client] Contact server 4 at hostname:port xinu03.cs.purdue.edu : 3700 FAILED. Trying others..
2016-04-15 04:32:58,515 ERROR [Client] Error occured while connecting to RMI server with error, -1
2016-04-15 04:32:58,714 INFO  [Client] Loading configurations from configs.txt..
2016-04-15 04:32:58,737 INFO  [Client] This request has id :72520385-05fd-4005-b985-6a25ab68ee59
2016-04-15 04:32:58,831 INFO  [Client] Contact server 5 at hostname:port xinu04.cs.purdue.edu : 3700 FAILED. Trying others..
2016-04-15 04:32:58,901 INFO  [Client] Contact server 1 at hostname:port xinu00.cs.purdue.edu : 3700 FAILED. Trying others..
2016-04-15 04:32:58,971 INFO  [Client] Contact server 2 at hostname:port xinu01.cs.purdue.edu : 3700 FAILED. Trying others..
2016-04-15 04:32:59,034 INFO  [Client] Contact server 3 at hostname:port xinu02.cs.purdue.edu : 3700 FAILED. Trying others..
2016-04-15 04:32:59,104 INFO  [Client] Contact server 4 at hostname:port xinu03.cs.purdue.edu : 3700 FAILED. Trying others..
2016-04-15 04:32:59,105 ERROR [Client] Error occured while connecting to RMI server with error, -1
2016-04-15 04:32:59,319 INFO  [Client] Loading configurations from configs.txt..
2016-04-15 04:32:59,339 INFO  [Client] This request has id :5958270a-7c41-4d96-b1d9-44f41900db10
2016-04-15 04:32:59,432 INFO  [Client] Contact server 5 at hostname:port xinu04.cs.purdue.edu : 3700 FAILED. Trying others..
2016-04-15 04:32:59,496 INFO  [Client] Contact server 1 at hostname:port xinu00.cs.purdue.edu : 3700 FAILED. Trying others..
2016-04-15 04:32:59,561 INFO  [Client] Contact server 2 at hostname:port xinu01.cs.purdue.edu : 3700 FAILED. Trying others..
2016-04-15 04:32:59,626 INFO  [Client] Contact server 3 at hostname:port xinu02.cs.purdue.edu : 3700 FAILED. Trying others..
2016-04-15 04:32:59,686 INFO  [Client] Contact server 4 at hostname:port xinu03.cs.purdue.edu : 3700 FAILED. Trying others..
2016-04-15 04:32:59,686 ERROR [Client] Error occured while connecting to RMI server with error, -1
2016-04-15 04:32:59,888 INFO  [Client] Loading configurations from configs.txt..
2016-04-15 04:32:59,909 INFO  [Client] This request has id :c86d77dd-dac4-4962-9c90-3a92550a9176
2016-04-15 04:33:00,002 INFO  [Client] Contact server 1 at hostname:port xinu00.cs.purdue.edu : 3700 FAILED. Trying others..
2016-04-15 04:33:00,066 INFO  [Client] Contact server 2 at hostname:port xinu01.cs.purdue.edu : 3700 FAILED. Trying others..
2016-04-15 04:33:00,131 INFO  [Client] Contact server 3 at hostname:port xinu02.cs.purdue.edu : 3700 FAILED. Trying others..
2016-04-15 04:33:00,196 INFO  [Client] Contact server 4 at hostname:port xinu03.cs.purdue.edu : 3700 FAILED. Trying others..
2016-04-15 04:33:00,197 ERROR [Client] Error occured while connecting to RMI server with error, -1
2016-04-15 04:33:00,397 INFO  [Client] Loading configurations from configs.txt..
2016-04-15 04:33:00,419 INFO  [Client] This request has id :0aa2ed93-3a52-44eb-8efd-5d2b776a561c
2016-04-15 04:33:00,512 INFO  [Client] Contact server 2 at hostname:port xinu01.cs.purdue.edu : 3700 FAILED. Trying others..
2016-04-15 04:33:00,576 INFO  [Client] Contact server 3 at hostname:port xinu02.cs.purdue.edu : 3700 FAILED. Trying others..
2016-04-15 04:33:00,641 INFO  [Client] Contact server 4 at hostname:port xinu03.cs.purdue.edu : 3700 FAILED. Trying others..
2016-04-15 04:33:00,642 ERROR [Client] Error occured while connecting to RMI server with error, -1
2016-04-15 04:33:00,848 INFO  [Client] Loading configurations from configs.txt..
2016-04-15 04:33:00,869 INFO  [Client] This request has id :ceb15a46-4cea-46d0-a6d9-a1b7636bd871
2016-04-15 04:33:00,962 INFO  [Client] Contact server 3 at hostname:port xinu02.cs.purdue.edu : 3700 FAILED. Trying others..
2016-04-15 04:33:01,027 INFO  [Client] Contact server 4 at hostname:port xinu03.cs.purdue.edu : 3700 FAILED. Trying others..
2016-04-15 04:33:01,028 ERROR [Client] Error occured while connecting to RMI server with error, -1
2016-04-15 04:33:01,231 INFO  [Client] Loading configurations from configs.txt..
2016-04-15 04:33:01,251 INFO  [Client] This request has id :5223e47a-8538-463c-a644-c7ccaff31cf1
2016-04-15 04:33:01,387 INFO  [Client] Contact server 4 at hostname:port xinu03.cs.purdue.edu : 3700 FAILED. Trying others..
2016-04-15 04:33:01,388 ERROR [Client] Error occured while connecting to RMI server with error, -1
2016-04-15 04:33:01,628 INFO  [Client] Loading configurations from configs.txt..
2016-04-15 04:33:01,629 INFO  [Client] Loading configurations from configs.txt..
2016-04-15 04:33:01,652 INFO  [Client] This request has id :c36d68b9-02a2-4109-9407-9b90bc58ccd1
2016-04-15 04:33:01,654 INFO  [Client] This request has id :2173cc45-8c19-4a91-8db6-94aa4221785d
2016-04-15 04:33:01,752 INFO  [Client] Contact server 1 at hostname:port xinu00.cs.purdue.edu : 3700 FAILED. Trying others..
2016-04-15 04:33:01,757 INFO  [Client] Contact server 1 at hostname:port xinu00.cs.purdue.edu : 3700 FAILED. Trying others..
2016-04-15 04:33:01,816 INFO  [Client] Contact server 2 at hostname:port xinu01.cs.purdue.edu : 3700 FAILED. Trying others..
2016-04-15 04:33:01,823 INFO  [Client] Contact server 2 at hostname:port xinu01.cs.purdue.edu : 3700 FAILED. Trying others..
2016-04-15 04:33:01,882 INFO  [Client] Contact server 3 at hostname:port xinu02.cs.purdue.edu : 3700 FAILED. Trying others..
2016-04-15 04:33:01,895 INFO  [Client] Contact server 3 at hostname:port xinu02.cs.purdue.edu : 3700 FAILED. Trying others..
2016-04-15 04:33:01,951 INFO  [Client] Contact server 4 at hostname:port xinu03.cs.purdue.edu : 3700 FAILED. Trying others..
2016-04-15 04:33:01,951 ERROR [Client] Error occured while connecting to RMI server with error, -1
2016-04-15 04:33:01,960 INFO  [Client] Contact server 4 at hostname:port xinu03.cs.purdue.edu : 3700 FAILED. Trying others..
2016-04-15 04:33:01,961 ERROR [Client] Error occured while connecting to RMI server with error, -1
2016-04-15 04:33:02,160 INFO  [Client] Loading configurations from configs.txt..
2016-04-15 04:33:02,181 INFO  [Client] This request has id :70c7beb3-c86e-4c91-a5d5-852a96ec434a
2016-04-15 04:33:02,282 INFO  [Client] Contact server 4 at hostname:port xinu03.cs.purdue.edu : 3700 FAILED. Trying others..
2016-04-15 04:33:02,283 ERROR [Client] Error occured while connecting to RMI server with error, -1
2016-04-15 04:33:02,486 INFO  [Client] Loading configurations from configs.txt..
2016-04-15 04:33:02,507 INFO  [Client] This request has id :2dce45fa-9a91-45ce-aaa3-bf2b0ce82edf
2016-04-15 04:33:02,604 INFO  [Client] Contact server 2 at hostname:port xinu01.cs.purdue.edu : 3700 FAILED. Trying others..
2016-04-15 04:33:02,666 INFO  [Client] Contact server 3 at hostname:port xinu02.cs.purdue.edu : 3700 FAILED. Trying others..
2016-04-15 04:33:02,728 INFO  [Client] Contact server 4 at hostname:port xinu03.cs.purdue.edu : 3700 FAILED. Trying others..
2016-04-15 04:33:02,730 ERROR [Client] Error occured while connecting to RMI server with error, -1
2016-04-15 04:33:02,938 INFO  [Client] Loading configurations from configs.txt..
2016-04-15 04:33:02,961 INFO  [Client] This request has id :80cf22bd-f985-4fa5-9a2e-91889423a71a
2016-04-15 04:33:03,064 INFO  [Client] Contact server 3 at hostname:port xinu02.cs.purdue.edu : 3700 FAILED. Trying others..
2016-04-15 04:33:03,131 INFO  [Client] Contact server 4 at hostname:port xinu03.cs.purdue.edu : 3700 FAILED. Trying others..
2016-04-15 04:33:03,132 ERROR [Client] Error occured while connecting to RMI server with error, -1
2016-04-15 04:33:03,354 INFO  [Client] Loading configurations from configs.txt..
2016-04-15 04:33:03,375 INFO  [Client] This request has id :fb2df3a2-3295-4a78-901c-9dccc4bc9517
2016-04-15 04:33:03,472 INFO  [Client] Contact server 4 at hostname:port xinu03.cs.purdue.edu : 3700 FAILED. Trying others..
2016-04-15 04:33:03,473 ERROR [Client] Error occured while connecting to RMI server with error, -1
2016-04-15 04:33:15,769 INFO  [Client] Loading configurations from configs.txt..
2016-04-15 04:33:15,791 INFO  [Client] This request has id :0aa64056-fec2-4f8f-b0bb-f2570118abc4
2016-04-15 04:33:15,892 INFO  [Client] Contact server 1 at hostname:port xinu00.cs.purdue.edu : 3700 FAILED. Trying others..
2016-04-15 04:33:15,956 INFO  [Client] Contact server 2 at hostname:port xinu01.cs.purdue.edu : 3700 FAILED. Trying others..
2016-04-15 04:33:16,016 INFO  [Client] Contact server 3 at hostname:port xinu02.cs.purdue.edu : 3700 FAILED. Trying others..
2016-04-15 04:33:16,081 INFO  [Client] Contact server 4 at hostname:port xinu03.cs.purdue.edu : 3700 FAILED. Trying others..
2016-04-15 04:33:16,081 ERROR [Client] Error occured while connecting to RMI server with error, -1
2016-04-15 04:33:16,316 INFO  [Client] Loading configurations from configs.txt..
2016-04-15 04:33:16,342 INFO  [Client] This request has id :60ebdf4b-8a3e-40f6-950a-5d084cae8707
2016-04-15 04:33:16,436 INFO  [Client] Contact server 1 at hostname:port xinu00.cs.purdue.edu : 3700 FAILED. Trying others..
2016-04-15 04:33:16,501 INFO  [Client] Contact server 2 at hostname:port xinu01.cs.purdue.edu : 3700 FAILED. Trying others..
2016-04-15 04:33:16,566 INFO  [Client] Contact server 3 at hostname:port xinu02.cs.purdue.edu : 3700 FAILED. Trying others..
2016-04-15 04:33:16,630 INFO  [Client] Contact server 4 at hostname:port xinu03.cs.purdue.edu : 3700 FAILED. Trying others..
2016-04-15 04:33:16,631 ERROR [Client] Error occured while connecting to RMI server with error, -1
2016-04-15 04:33:16,848 INFO  [Client] Loading configurations from configs.txt..
2016-04-15 04:33:16,871 INFO  [Client] This request has id :1875f6af-e04d-4a07-8957-f685b1cfd5f8
2016-04-15 04:33:16,967 INFO  [Client] Contact server 1 at hostname:port xinu00.cs.purdue.edu : 3700 FAILED. Trying others..
2016-04-15 04:33:17,031 INFO  [Client] Contact server 2 at hostname:port xinu01.cs.purdue.edu : 3700 FAILED. Trying others..
2016-04-15 04:33:17,094 INFO  [Client] Contact server 3 at hostname:port xinu02.cs.purdue.edu : 3700 FAILED. Trying others..
2016-04-15 04:33:17,156 INFO  [Client] Contact server 4 at hostname:port xinu03.cs.purdue.edu : 3700 FAILED. Trying others..
2016-04-15 04:33:17,157 ERROR [Client] Error occured while connecting to RMI server with error, -1
2016-04-15 04:33:17,373 INFO  [Client] Loading configurations from configs.txt..
2016-04-15 04:33:17,397 INFO  [Client] This request has id :f6b07871-22e1-4d9e-9744-77dcefbbabeb
2016-04-15 04:33:17,502 INFO  [Client] Contact server 1 at hostname:port xinu00.cs.purdue.edu : 3700 FAILED. Trying others..
2016-04-15 04:33:17,565 INFO  [Client] Contact server 2 at hostname:port xinu01.cs.purdue.edu : 3700 FAILED. Trying others..
2016-04-15 04:33:17,725 INFO  [Client] Contact server 3 at hostname:port xinu02.cs.purdue.edu : 3700 FAILED. Trying others..
2016-04-15 04:33:17,841 INFO  [Client] Contact server 4 at hostname:port xinu03.cs.purdue.edu : 3700 FAILED. Trying others..
2016-04-15 04:33:17,842 ERROR [Client] Error occured while connecting to RMI server with error, -1
2016-04-15 04:33:18,050 INFO  [Client] Loading configurations from configs.txt..
2016-04-15 04:33:18,070 INFO  [Client] This request has id :d0b40573-a71a-431c-bc43-4fb58f1c7acf
2016-04-15 04:33:18,161 INFO  [Client] Contact server 1 at hostname:port xinu00.cs.purdue.edu : 3700 FAILED. Trying others..
2016-04-15 04:33:18,226 INFO  [Client] Contact server 2 at hostname:port xinu01.cs.purdue.edu : 3700 FAILED. Trying others..
2016-04-15 04:33:18,291 INFO  [Client] Contact server 3 at hostname:port xinu02.cs.purdue.edu : 3700 FAILED. Trying others..
2016-04-15 04:33:18,356 INFO  [Client] Contact server 4 at hostname:port xinu03.cs.purdue.edu : 3700 FAILED. Trying others..
2016-04-15 04:33:18,357 ERROR [Client] Error occured while connecting to RMI server with error, -1
2016-04-15 10:57:09,708 INFO  [Client] Loading configurations from configs.txt..
2016-04-15 10:57:09,726 INFO  [Client] This request has id :364acc97-3b85-4f0e-b968-c21f4410d4d0
2016-04-15 10:57:10,003 INFO  [Client] RESULT FROM xinu00.cs.purdue.edu:3700!!!: Client 1:ACK
2016-04-15 10:57:10,149 INFO  [Client] Loading configurations from configs.txt..
2016-04-15 10:57:10,167 INFO  [Client] This request has id :a105afad-f5e5-4717-a24a-2e6c094fda1a
2016-04-15 10:57:10,318 INFO  [Client] RESULT FROM xinu01.cs.purdue.edu:3700!!!: Client 1:ACK
2016-04-15 10:57:10,464 INFO  [Client] Loading configurations from configs.txt..
2016-04-15 10:57:10,482 INFO  [Client] This request has id :a92af36a-d66a-4a2d-a6a1-c9a6f251c4c6
2016-04-15 10:57:10,638 INFO  [Client] RESULT FROM xinu02.cs.purdue.edu:3700!!!: Client 1:ACK
2016-04-15 10:57:10,784 INFO  [Client] Loading configurations from configs.txt..
2016-04-15 10:57:10,802 INFO  [Client] This request has id :31758863-91e3-4425-a90a-c65c0dfdcdec
2016-04-15 10:57:16,858 INFO  [Client] Contact server 4 at hostname:port xinu03.cs.purdue.edu : 3700 FAILED. Trying others..
2016-04-15 10:57:16,860 ERROR [Client] Error occured while connecting to RMI server with error, -1
2016-04-15 10:57:17,012 INFO  [Client] Loading configurations from configs.txt..
2016-04-15 10:57:17,030 INFO  [Client] This request has id :3e7be53e-b16f-497e-b5f2-071d858e9cee
2016-04-15 10:57:18,984 INFO  [Client] RESULT FROM xinu04.cs.purdue.edu:3700!!!: Client 1:ACK
2016-04-15 10:57:19,133 INFO  [Client] Loading configurations from configs.txt..
2016-04-15 10:57:19,151 INFO  [Client] This request has id :1fb0d2df-9af2-484c-bade-231ee1fc2af2
2016-04-15 10:57:21,070 INFO  [Client] RESULT FROM xinu04.cs.purdue.edu:3700!!!: Client 1:Color is Red
2016-04-15 10:57:21,217 INFO  [Client] Loading configurations from configs.txt..
2016-04-15 10:57:21,234 INFO  [Client] This request has id :74de6b3c-25ce-4de3-9358-1701915f96fc
2016-04-15 10:57:21,355 INFO  [Client] RESULT FROM xinu01.cs.purdue.edu:3700!!!: Client 1:Color is Yellow
2016-04-15 10:57:21,500 INFO  [Client] Loading configurations from configs.txt..
2016-04-15 10:57:21,517 INFO  [Client] This request has id :ba3297d1-b5c2-49d0-9adb-d8a9757cc689
2016-04-15 10:57:21,656 INFO  [Client] RESULT FROM xinu02.cs.purdue.edu:3700!!!: Client 1:Color is Orange
2016-04-15 10:57:21,790 INFO  [Client] Loading configurations from configs.txt..
2016-04-15 10:57:21,806 INFO  [Client] This request has id :3b6e04a8-8359-46dc-9675-b7a9d00d02cb
2016-04-15 10:57:21,927 INFO  [Client] RESULT FROM xinu00.cs.purdue.edu:3700!!!: Client 1:No key Kiwi matches db 
2016-04-15 10:57:22,072 INFO  [Client] Loading configurations from configs.txt..
2016-04-15 10:57:22,090 INFO  [Client] This request has id :7b0f2b2f-af47-4c0e-b486-18e353d6731c
2016-04-15 10:57:22,229 INFO  [Client] RESULT FROM xinu03.cs.purdue.edu:3700!!!: Client 1:Color is Yellowish-Green
2016-04-15 10:57:22,373 INFO  [Client] Loading configurations from configs.txt..
2016-04-15 10:57:22,390 INFO  [Client] This request has id :318a35ed-8f3c-4f21-99e6-4b1973433df8
2016-04-15 10:57:22,508 INFO  [Client] RESULT FROM xinu00.cs.purdue.edu:3700!!!: Client 1:ACK
2016-04-15 10:57:22,656 INFO  [Client] Loading configurations from configs.txt..
2016-04-15 10:57:22,674 INFO  [Client] This request has id :1b859c3a-370e-4110-8d74-ff0e161cde29
2016-04-15 10:57:22,794 INFO  [Client] RESULT FROM xinu02.cs.purdue.edu:3700!!!: Client 1:ACK
2016-04-15 10:57:22,939 INFO  [Client] Loading configurations from configs.txt..
2016-04-15 10:57:22,957 INFO  [Client] This request has id :a8547868-1532-4b99-a89e-5b68b885ab9d
2016-04-15 10:57:23,075 INFO  [Client] RESULT FROM xinu03.cs.purdue.edu:3700!!!: Client 1:ACK
2016-04-15 10:57:23,213 INFO  [Client] Loading configurations from configs.txt..
2016-04-15 10:57:23,230 INFO  [Client] This request has id :e416aafb-b76d-4e64-ac24-3e2281338b03
2016-04-15 10:57:29,288 INFO  [Client] Contact server 2 at hostname:port xinu01.cs.purdue.edu : 3700 FAILED. Trying others..
2016-04-15 10:57:31,161 INFO  [Client] RESULT FROM xinu02.cs.purdue.edu:3700!!!: Client 1:No such key - Kiwi exists
2016-04-15 10:57:31,312 INFO  [Client] Loading configurations from configs.txt..
2016-04-15 10:57:31,330 INFO  [Client] This request has id :e70696ff-cbcd-4f56-8cbb-57665019a10b
2016-04-15 10:57:37,390 INFO  [Client] Contact server 5 at hostname:port xinu04.cs.purdue.edu : 3700 FAILED. Trying others..
2016-04-15 10:57:39,264 INFO  [Client] RESULT FROM xinu00.cs.purdue.edu:3700!!!: Client 1:ACK
2016-04-15 10:57:39,412 INFO  [Client] Loading configurations from configs.txt..
2016-04-15 10:57:39,430 INFO  [Client] This request has id :76e8d2e3-2f82-40f6-9de2-5a0a5c0946a4
2016-04-15 10:57:40,984 INFO  [Client] RESULT FROM xinu04.cs.purdue.edu:3700!!!: Client 1: 
2016-04-15 10:57:46,995 INFO  [Client] Contact server 1 at hostname:port xinu00.cs.purdue.edu : 3700 FAILED. Trying others..
2016-04-15 10:57:48,873 INFO  [Client] RESULT FROM xinu01.cs.purdue.edu:3700!!!: Client 1:No key Apple matches db 
2016-04-15 10:57:49,020 INFO  [Client] Loading configurations from configs.txt..
2016-04-15 10:57:49,037 INFO  [Client] This request has id :b591e08d-44d7-4fbd-a212-2053f9fcb9d0
2016-04-15 10:57:50,591 INFO  [Client] RESULT FROM xinu00.cs.purdue.edu:3700!!!: Client 1: 
2016-04-15 10:57:50,660 INFO  [Client] RESULT FROM xinu01.cs.purdue.edu:3700!!!: Client 1:No key Banana matches db 
2016-04-15 10:57:50,808 INFO  [Client] Loading configurations from configs.txt..
2016-04-15 10:57:50,826 INFO  [Client] This request has id :5d0c2b38-1177-470c-9ad7-381fef76c59b
2016-04-15 10:57:50,942 INFO  [Client] RESULT FROM xinu01.cs.purdue.edu:3700!!!: Client 1:No key Orange matches db 
2016-04-15 10:57:51,083 INFO  [Client] Loading configurations from configs.txt..
2016-04-15 10:57:51,101 INFO  [Client] This request has id :3d9db5c4-aafb-413d-ba2c-2d86fd32ce09
2016-04-15 10:57:51,218 INFO  [Client] RESULT FROM xinu02.cs.purdue.edu:3700!!!: Client 1:No key Kiwi matches db 
2016-04-15 10:57:51,359 INFO  [Client] Loading configurations from configs.txt..
2016-04-15 10:57:51,376 INFO  [Client] This request has id :7d0daa63-0910-420a-8a73-470411f3eb96
2016-04-15 10:57:51,497 INFO  [Client] RESULT FROM xinu03.cs.purdue.edu:3700!!!: Client 1:No key Pineapple matches db 
2016-04-15 10:57:51,646 INFO  [Client] Loading configurations from configs.txt..
2016-04-15 10:57:51,648 INFO  [Client] Loading configurations from configs.txt..
2016-04-15 10:57:51,664 INFO  [Client] This request has id :e66d5873-db1b-4888-a034-f7e90d3dddf2
2016-04-15 10:57:51,666 INFO  [Client] This request has id :700e2695-f4b6-4cbe-a47d-59d60181e6c0
2016-04-15 10:57:51,720 INFO  [Client] RESULT FROM xinu00.cs.purdue.edu:3700!!!: Client 1: killing xinu00.cs.purdue.edu : 3700
2016-04-15 10:57:53,223 INFO  [Client] RESULT FROM xinu00.cs.purdue.edu:3700!!!: Client 1: 
2016-04-15 10:57:55,095 INFO  [Client] RESULT FROM xinu01.cs.purdue.edu:3700!!!: Client 1:ACK
2016-04-15 10:57:55,252 INFO  [Client] Loading configurations from configs.txt..
2016-04-15 10:57:55,269 INFO  [Client] This request has id :d24debc9-0883-469d-9ef9-7b05c0ae4108
2016-04-15 10:57:57,185 INFO  [Client] RESULT FROM xinu03.cs.purdue.edu:3700!!!: Client 1:ACK
2016-04-15 10:57:57,331 INFO  [Client] Loading configurations from configs.txt..
2016-04-15 10:57:57,349 INFO  [Client] This request has id :7ab81b48-95c8-4e1c-94ae-560ca02fcd4f
2016-04-15 10:57:57,728 INFO  [Client] Contact server 1 at hostname:port xinu00.cs.purdue.edu : 3700 FAILED. Trying others..
2016-04-15 10:57:59,266 INFO  [Client] RESULT FROM xinu01.cs.purdue.edu:3700!!!: Client 1:ACK
2016-04-15 10:57:59,413 INFO  [Client] Loading configurations from configs.txt..
2016-04-15 10:57:59,431 INFO  [Client] This request has id :af53f93a-9535-4e77-92b7-c172bd23271c
2016-04-15 10:58:01,351 INFO  [Client] RESULT FROM xinu02.cs.purdue.edu:3700!!!: Client 1:ACK
2016-04-15 10:58:01,497 INFO  [Client] Loading configurations from configs.txt..
2016-04-15 10:58:01,514 INFO  [Client] This request has id :217311cf-a1db-4b19-9f56-48c376a8388f
2016-04-15 10:58:01,631 INFO  [Client] RESULT FROM xinu03.cs.purdue.edu:3700!!!: Client 1:ACK
2016-04-15 10:58:13,794 INFO  [Client] Loading configurations from configs.txt..
2016-04-15 10:58:13,812 INFO  [Client] This request has id :c026d7b9-0f6d-4007-8116-686c2f6b7274
2016-04-15 10:58:13,938 INFO  [Client] RESULT FROM xinu00.cs.purdue.edu:3700!!!: Client 1:iPhone6
2016-04-15 10:58:14,084 INFO  [Client] Loading configurations from configs.txt..
2016-04-15 10:58:14,102 INFO  [Client] This request has id :763e0c2f-9075-4b1c-955e-ec7ed83d4993
2016-04-15 10:58:14,220 INFO  [Client] RESULT FROM xinu00.cs.purdue.edu:3700!!!: Client 1:Band
2016-04-15 10:58:14,366 INFO  [Client] Loading configurations from configs.txt..
2016-04-15 10:58:14,384 INFO  [Client] This request has id :23a6e109-dfaf-41b9-af70-fcb3345a4a2d
2016-04-15 10:58:14,501 INFO  [Client] RESULT FROM xinu00.cs.purdue.edu:3700!!!: Client 1:Fire
2016-04-15 10:58:14,648 INFO  [Client] Loading configurations from configs.txt..
2016-04-15 10:58:14,667 INFO  [Client] This request has id :d0822cd3-a20d-4a74-9ee6-67c4a9d8f068
2016-04-15 10:58:14,783 INFO  [Client] RESULT FROM xinu00.cs.purdue.edu:3700!!!: Client 1:Nexus
2016-04-15 10:58:14,924 INFO  [Client] Loading configurations from configs.txt..
2016-04-15 10:58:14,942 INFO  [Client] This request has id :92250701-011a-4fb7-bab6-315c331972d9
2016-04-15 10:58:15,056 INFO  [Client] RESULT FROM xinu00.cs.purdue.edu:3700!!!: Client 1:Aspire-V5 Notebook PC
2016-04-15 11:28:13,057 INFO  [Client] Loading configurations from configs.txt..
2016-04-15 11:28:13,074 INFO  [Client] This request has id :e0e10069-671a-4982-b59a-381a9ef2bf4e
2016-04-15 11:28:19,134 INFO  [Client] Contact server 1 at hostname:port xinu00.cs.purdue.edu : 3700 FAILED. Trying others..
2016-04-15 11:28:21,013 INFO  [Client] RESULT FROM xinu01.cs.purdue.edu:3700!!!: Client 1:ACK
2016-04-15 11:28:21,160 INFO  [Client] Loading configurations from configs.txt..
2016-04-15 11:28:21,177 INFO  [Client] This request has id :33aa7c6e-a962-4c7d-ad22-856f1e7b6acb
2016-04-15 11:28:23,093 INFO  [Client] RESULT FROM xinu01.cs.purdue.edu:3700!!!: Client 1:ACK
2016-04-15 11:28:23,248 INFO  [Client] Loading configurations from configs.txt..
2016-04-15 11:28:23,266 INFO  [Client] This request has id :c83cd299-8206-415b-bdb8-68411a175f0d
2016-04-15 11:28:23,391 INFO  [Client] RESULT FROM xinu02.cs.purdue.edu:3700!!!: Client 1:ACK
2016-04-15 11:28:23,536 INFO  [Client] Loading configurations from configs.txt..
2016-04-15 11:28:23,554 INFO  [Client] This request has id :77172b32-0d94-4fef-94a7-992b7e3523b6
2016-04-15 11:28:23,681 INFO  [Client] RESULT FROM xinu03.cs.purdue.edu:3700!!!: Client 1:ACK
2016-04-15 11:28:23,818 INFO  [Client] Loading configurations from configs.txt..
2016-04-15 11:28:23,835 INFO  [Client] This request has id :8aa8c338-f06f-4df3-bada-04c72f34acd7
2016-04-15 11:28:29,896 INFO  [Client] Contact server 5 at hostname:port xinu04.cs.purdue.edu : 3700 FAILED. Trying others..
2016-04-15 11:28:31,778 INFO  [Client] RESULT FROM xinu00.cs.purdue.edu:3700!!!: Client 1:ACK
2016-04-15 11:28:31,925 INFO  [Client] Loading configurations from configs.txt..
2016-04-15 11:28:31,944 INFO  [Client] This request has id :953b01d6-7fd3-4b62-be15-85ac6efc15ec
2016-04-15 11:28:33,500 INFO  [Client] RESULT FROM xinu04.cs.purdue.edu:3700!!!: Client 1: 
2016-04-15 11:28:39,510 INFO  [Client] Contact server 1 at hostname:port xinu00.cs.purdue.edu : 3700 FAILED. Trying others..
2016-04-15 11:28:41,386 INFO  [Client] RESULT FROM xinu01.cs.purdue.edu:3700!!!: Client 1:Color is Red
2016-04-15 11:28:41,531 INFO  [Client] Loading configurations from configs.txt..
2016-04-15 11:28:41,549 INFO  [Client] This request has id :714c3e59-c45e-4df1-9600-715ca17cbf80
2016-04-15 11:28:43,465 INFO  [Client] RESULT FROM xinu01.cs.purdue.edu:3700!!!: Client 1:Color is Yellow
2016-04-15 11:28:43,611 INFO  [Client] Loading configurations from configs.txt..
2016-04-15 11:28:43,628 INFO  [Client] This request has id :1e1f8ea8-cb9f-4cbd-99c6-d527eacc8b09
2016-04-15 11:28:43,757 INFO  [Client] RESULT FROM xinu02.cs.purdue.edu:3700!!!: Client 1:Color is Orange
2016-04-15 11:28:43,895 INFO  [Client] Loading configurations from configs.txt..
2016-04-15 11:28:43,913 INFO  [Client] This request has id :8b703230-e114-4b22-b696-44ea833594b9
2016-04-15 11:28:49,971 INFO  [Client] Contact server 1 at hostname:port xinu00.cs.purdue.edu : 3700 FAILED. Trying others..
2016-04-15 11:28:51,843 INFO  [Client] RESULT FROM xinu01.cs.purdue.edu:3700!!!: Client 1:Color is Green
2016-04-15 11:28:51,989 INFO  [Client] Loading configurations from configs.txt..
2016-04-15 11:28:52,007 INFO  [Client] This request has id :55bf5c14-c56d-4e78-b161-72acdb8e5097
2016-04-15 11:28:53,939 INFO  [Client] RESULT FROM xinu03.cs.purdue.edu:3700!!!: Client 1:Color is Yellowish-Green
2016-04-15 11:28:54,085 INFO  [Client] Loading configurations from configs.txt..
2016-04-15 11:28:54,103 INFO  [Client] This request has id :b852e9de-e173-4330-9208-ee1d7876ba8a
2016-04-15 11:28:54,223 INFO  [Client] RESULT FROM xinu00.cs.purdue.edu:3700!!!: Client 1:ACK
2016-04-15 11:28:54,369 INFO  [Client] Loading configurations from configs.txt..
2016-04-15 11:28:54,387 INFO  [Client] This request has id :ef7dcfee-d9d5-4853-8815-53f9ff073b1b
2016-04-15 11:28:54,508 INFO  [Client] RESULT FROM xinu02.cs.purdue.edu:3700!!!: Client 1:ACK
2016-04-15 11:28:54,649 INFO  [Client] Loading configurations from configs.txt..
2016-04-15 11:28:54,667 INFO  [Client] This request has id :1e3513f4-b52a-4825-af71-9d2d3b348666
2016-04-15 11:28:54,784 INFO  [Client] RESULT FROM xinu03.cs.purdue.edu:3700!!!: Client 1:ACK
2016-04-15 11:28:54,930 INFO  [Client] Loading configurations from configs.txt..
2016-04-15 11:28:54,947 INFO  [Client] This request has id :fc446d05-fb6f-448f-9513-dae08b3c3e54
2016-04-15 11:29:01,007 INFO  [Client] Contact server 2 at hostname:port xinu01.cs.purdue.edu : 3700 FAILED. Trying others..
2016-04-15 11:29:02,879 INFO  [Client] RESULT FROM xinu02.cs.purdue.edu:3700!!!: Client 1:ACK
2016-04-15 11:29:03,028 INFO  [Client] Loading configurations from configs.txt..
2016-04-15 11:29:03,047 INFO  [Client] This request has id :e8ebee6c-b7d8-4a0e-8ab8-832340b260bd
2016-04-15 11:29:04,990 INFO  [Client] RESULT FROM xinu04.cs.purdue.edu:3700!!!: Client 1:ACK
2016-04-15 11:29:05,136 INFO  [Client] Loading configurations from configs.txt..
2016-04-15 11:29:05,154 INFO  [Client] This request has id :84cd4c55-0706-45a0-b965-1aa5ca21e60d
2016-04-15 11:29:05,272 INFO  [Client] RESULT FROM xinu04.cs.purdue.edu:3700!!!: Client 1:No key Apple matches db 
2016-04-15 11:29:05,390 INFO  [Client] Loading configurations from configs.txt..
2016-04-15 11:29:05,405 INFO  [Client] This request has id :01b4b8c5-0e7f-4b0e-aac6-0288827ae97f
2016-04-15 11:29:05,523 INFO  [Client] RESULT FROM xinu00.cs.purdue.edu:3700!!!: Client 1:No key Banana matches db 
2016-04-15 11:29:05,665 INFO  [Client] Loading configurations from configs.txt..
2016-04-15 11:29:05,683 INFO  [Client] This request has id :0ccca7d1-23b9-4c6b-b949-33976463d1a4
2016-04-15 11:29:05,807 INFO  [Client] RESULT FROM xinu01.cs.purdue.edu:3700!!!: Client 1:No key Orange matches db 
2016-04-15 11:29:05,953 INFO  [Client] Loading configurations from configs.txt..
2016-04-15 11:29:05,971 INFO  [Client] This request has id :c75cd8aa-9969-4b22-9b07-46489e7353e9
2016-04-15 11:29:06,090 INFO  [Client] RESULT FROM xinu02.cs.purdue.edu:3700!!!: Client 1:No key Kiwi matches db 
2016-04-15 11:29:06,234 INFO  [Client] Loading configurations from configs.txt..
2016-04-15 11:29:06,252 INFO  [Client] This request has id :b0f98ac2-d80f-4122-8824-fed637e3ccbe
2016-04-15 11:29:06,373 INFO  [Client] RESULT FROM xinu03.cs.purdue.edu:3700!!!: Client 1:No key Pineapple matches db 
2016-04-15 11:29:06,514 INFO  [Client] Loading configurations from configs.txt..
2016-04-15 11:29:06,514 INFO  [Client] Loading configurations from configs.txt..
2016-04-15 11:29:06,531 INFO  [Client] This request has id :9696b353-459a-4187-8b93-596f9b310afb
2016-04-15 11:29:06,532 INFO  [Client] This request has id :148c883b-deff-4a96-8406-b8697944ab80
2016-04-15 11:29:06,587 INFO  [Client] RESULT FROM xinu00.cs.purdue.edu:3700!!!: Client 1: killing xinu00.cs.purdue.edu : 3700
2016-04-15 11:29:08,090 INFO  [Client] RESULT FROM xinu00.cs.purdue.edu:3700!!!: Client 1: 
2016-04-15 11:29:12,593 INFO  [Client] Contact server 1 at hostname:port xinu00.cs.purdue.edu : 3700 FAILED. Trying others..
2016-04-15 11:29:14,101 INFO  [Client] Contact server 2 at hostname:port xinu01.cs.purdue.edu : 3700 FAILED. Trying others..
2016-04-15 11:29:17,892 INFO  [Client] RESULT FROM xinu02.cs.purdue.edu:3700!!!: Client 1:ACK
2016-04-15 11:29:18,041 INFO  [Client] Loading configurations from configs.txt..
2016-04-15 11:29:18,059 INFO  [Client] This request has id :e4d22ad8-9095-49d7-87d8-63e978f68d2b
2016-04-15 11:29:18,176 INFO  [Client] RESULT FROM xinu03.cs.purdue.edu:3700!!!: Client 1:ACK
2016-04-15 11:29:18,317 INFO  [Client] Loading configurations from configs.txt..
2016-04-15 11:29:18,334 INFO  [Client] This request has id :a5687150-a30c-4605-b2f0-14c57afb7dbd
2016-04-15 11:29:18,450 INFO  [Client] RESULT FROM xinu01.cs.purdue.edu:3700!!!: Client 1:ACK
2016-04-15 11:29:18,596 INFO  [Client] Loading configurations from configs.txt..
2016-04-15 11:29:18,614 INFO  [Client] This request has id :d76a1213-6ad1-4f32-bb9b-379344ff1580
2016-04-15 11:29:18,730 INFO  [Client] RESULT FROM xinu02.cs.purdue.edu:3700!!!: Client 1:ACK
2016-04-15 11:29:18,876 INFO  [Client] Loading configurations from configs.txt..
2016-04-15 11:29:18,893 INFO  [Client] This request has id :2c65c42f-8acb-4303-9c10-00cd8a369f71
2016-04-15 11:29:24,949 INFO  [Client] Contact server 4 at hostname:port xinu03.cs.purdue.edu : 3700 FAILED. Trying others..
2016-04-15 11:29:24,951 ERROR [Client] Error occured while connecting to RMI server with error, -1
2016-04-15 11:29:37,110 INFO  [Client] Loading configurations from configs.txt..
2016-04-15 11:29:37,129 INFO  [Client] This request has id :921ea6a0-f543-405e-ae56-735a400af1be
2016-04-15 11:29:37,251 INFO  [Client] RESULT FROM xinu00.cs.purdue.edu:3700!!!: Client 1:iPhone6
2016-04-15 11:29:37,396 INFO  [Client] Loading configurations from configs.txt..
2016-04-15 11:29:37,414 INFO  [Client] This request has id :c261ceb7-47c4-4dae-bf5b-cdead366acb1
2016-04-15 11:29:43,469 INFO  [Client] Contact server 1 at hostname:port xinu00.cs.purdue.edu : 3700 FAILED. Trying others..
2016-04-15 11:29:49,483 INFO  [Client] Contact server 2 at hostname:port xinu01.cs.purdue.edu : 3700 FAILED. Trying others..
2016-04-15 11:29:55,495 INFO  [Client] Contact server 3 at hostname:port xinu02.cs.purdue.edu : 3700 FAILED. Trying others..
2016-04-15 11:29:57,368 INFO  [Client] RESULT FROM xinu03.cs.purdue.edu:3700!!!: Client 1:Band
2016-04-15 11:29:57,515 INFO  [Client] Loading configurations from configs.txt..
2016-04-15 11:29:57,532 INFO  [Client] This request has id :9fabcb84-edcb-4367-b65e-2f5b0d8dcd64
2016-04-15 11:29:59,449 INFO  [Client] RESULT FROM xinu00.cs.purdue.edu:3700!!!: Client 1:Fire
2016-04-15 11:29:59,593 INFO  [Client] Loading configurations from configs.txt..
2016-04-15 11:29:59,610 INFO  [Client] This request has id :b84b311d-bab6-492c-a705-16cf9b941e32
2016-04-15 11:29:59,725 INFO  [Client] RESULT FROM xinu00.cs.purdue.edu:3700!!!: Client 1:Nexus
2016-04-15 11:29:59,871 INFO  [Client] Loading configurations from configs.txt..
2016-04-15 11:29:59,888 INFO  [Client] This request has id :ef52020c-0c35-4294-944e-02724c91b3a5
2016-04-15 11:30:00,003 INFO  [Client] RESULT FROM xinu00.cs.purdue.edu:3700!!!: Client 1:No key Acer matches db 
2016-04-15 11:31:35,074 INFO  [Client] Loading configurations from configs.txt..
2016-04-15 11:31:35,092 INFO  [Client] This request has id :8b81b06a-a5f6-4857-b98e-669ec33f9fff
2016-04-15 11:31:35,337 INFO  [Client] RESULT FROM xinu00.cs.purdue.edu:3700!!!: Client 1:ACK
2016-04-15 11:31:35,486 INFO  [Client] Loading configurations from configs.txt..
2016-04-15 11:31:35,504 INFO  [Client] This request has id :d269bf51-656a-4fff-8c14-975e43272780
2016-04-15 11:31:35,629 INFO  [Client] RESULT FROM xinu01.cs.purdue.edu:3700!!!: Client 1:ACK
2016-04-15 11:31:35,772 INFO  [Client] Loading configurations from configs.txt..
2016-04-15 11:31:35,789 INFO  [Client] This request has id :9ae9446b-c621-4160-9db4-f98bbe79cce7
2016-04-15 11:31:35,914 INFO  [Client] RESULT FROM xinu02.cs.purdue.edu:3700!!!: Client 1:ACK
2016-04-15 11:31:36,061 INFO  [Client] Loading configurations from configs.txt..
2016-04-15 11:31:36,079 INFO  [Client] This request has id :f296493d-7e08-482f-a84c-981841293259
2016-04-15 11:31:36,206 INFO  [Client] RESULT FROM xinu03.cs.purdue.edu:3700!!!: Client 1:ACK
2016-04-15 11:31:36,354 INFO  [Client] Loading configurations from configs.txt..
2016-04-15 11:31:36,372 INFO  [Client] This request has id :27ecf26a-c9fa-4cb2-b61a-25c21a6c322b
2016-04-15 11:31:36,501 INFO  [Client] RESULT FROM xinu04.cs.purdue.edu:3700!!!: Client 1:ACK
2016-04-15 11:31:36,647 INFO  [Client] Loading configurations from configs.txt..
2016-04-15 11:31:36,665 INFO  [Client] This request has id :48fb0922-1646-4c28-a45b-faa9ab3abff9
2016-04-15 11:31:36,781 INFO  [Client] RESULT FROM xinu04.cs.purdue.edu:3700!!!: Client 1:Color is Red
2016-04-15 11:31:36,927 INFO  [Client] Loading configurations from configs.txt..
2016-04-15 11:31:36,945 INFO  [Client] This request has id :72463c8a-2a0d-4ae9-8e16-77a2da133175
2016-04-15 11:31:37,065 INFO  [Client] RESULT FROM xinu01.cs.purdue.edu:3700!!!: Client 1:Color is Yellow
2016-04-15 11:31:37,212 INFO  [Client] Loading configurations from configs.txt..
2016-04-15 11:31:37,230 INFO  [Client] This request has id :2f25b22c-3c01-40a7-b881-60d242ef0507
2016-04-15 11:31:37,353 INFO  [Client] RESULT FROM xinu02.cs.purdue.edu:3700!!!: Client 1:Color is Orange
2016-04-15 11:31:37,502 INFO  [Client] Loading configurations from configs.txt..
2016-04-15 11:31:37,520 INFO  [Client] This request has id :2fa226f7-c8ef-42d1-8b65-f3f9f78c3db1
2016-04-15 11:31:37,645 INFO  [Client] RESULT FROM xinu00.cs.purdue.edu:3700!!!: Client 1:Color is Green
2016-04-15 11:31:37,796 INFO  [Client] Loading configurations from configs.txt..
2016-04-15 11:31:37,814 INFO  [Client] This request has id :5eac473b-91dc-417c-a7c4-a55d650437ab
2016-04-15 11:31:37,937 INFO  [Client] RESULT FROM xinu03.cs.purdue.edu:3700!!!: Client 1:Color is Yellowish-Green
2016-04-15 11:31:38,084 INFO  [Client] Loading configurations from configs.txt..
2016-04-15 11:31:38,102 INFO  [Client] This request has id :6a2220ea-b3b8-423e-bf6e-f34073134b06
2016-04-15 11:31:38,220 INFO  [Client] RESULT FROM xinu00.cs.purdue.edu:3700!!!: Client 1:ACK
2016-04-15 11:31:38,367 INFO  [Client] Loading configurations from configs.txt..
2016-04-15 11:31:38,385 INFO  [Client] This request has id :b7304b5d-23e6-4037-a218-bd3e79cca8b5
2016-04-15 11:31:38,508 INFO  [Client] RESULT FROM xinu02.cs.purdue.edu:3700!!!: Client 1:ACK
2016-04-15 11:31:38,655 INFO  [Client] Loading configurations from configs.txt..
2016-04-15 11:31:38,672 INFO  [Client] This request has id :e64648c6-ac62-4c93-9472-425b4de08dd6
2016-04-15 11:31:38,794 INFO  [Client] RESULT FROM xinu03.cs.purdue.edu:3700!!!: Client 1:ACK
2016-04-15 11:31:38,943 INFO  [Client] Loading configurations from configs.txt..
2016-04-15 11:31:38,962 INFO  [Client] This request has id :c79e3d51-853d-43c7-8b7a-20a718d09558
2016-04-15 11:31:39,094 INFO  [Client] RESULT FROM xinu01.cs.purdue.edu:3700!!!: Client 1:ACK
2016-04-15 11:31:39,239 INFO  [Client] Loading configurations from configs.txt..
2016-04-15 11:31:39,257 INFO  [Client] This request has id :8de5ab72-5353-4998-ad62-bb42043689dc
2016-04-15 11:31:39,380 INFO  [Client] RESULT FROM xinu04.cs.purdue.edu:3700!!!: Client 1:ACK
2016-04-15 11:31:39,520 INFO  [Client] Loading configurations from configs.txt..
2016-04-15 11:31:39,537 INFO  [Client] This request has id :2bb8f3b7-e4ef-4f14-93fa-66bab99c991b
2016-04-15 11:31:39,651 INFO  [Client] RESULT FROM xinu04.cs.purdue.edu:3700!!!: Client 1:No key Apple matches db 
2016-04-15 11:31:39,781 INFO  [Client] Loading configurations from configs.txt..
2016-04-15 11:31:39,797 INFO  [Client] This request has id :b68a116d-2105-45af-ac8b-a38922af34a6
2016-04-15 11:31:39,917 INFO  [Client] RESULT FROM xinu00.cs.purdue.edu:3700!!!: Client 1:No key Banana matches db 
2016-04-15 11:31:40,064 INFO  [Client] Loading configurations from configs.txt..
2016-04-15 11:31:40,082 INFO  [Client] This request has id :8272f45d-c28b-45e5-99ce-ce7d0c478759
2016-04-15 11:31:40,199 INFO  [Client] RESULT FROM xinu01.cs.purdue.edu:3700!!!: Client 1:No key Orange matches db 
2016-04-15 11:31:40,345 INFO  [Client] Loading configurations from configs.txt..
2016-04-15 11:31:40,363 INFO  [Client] This request has id :744691d6-1cbe-4e8a-982e-17eeef155b6a
2016-04-15 11:31:40,483 INFO  [Client] RESULT FROM xinu02.cs.purdue.edu:3700!!!: Client 1:No key Kiwi matches db 
2016-04-15 11:31:40,627 INFO  [Client] Loading configurations from configs.txt..
2016-04-15 11:31:40,645 INFO  [Client] This request has id :8fa56fc1-3494-4eaf-b164-7b2bccb817c3
2016-04-15 11:31:40,766 INFO  [Client] RESULT FROM xinu03.cs.purdue.edu:3700!!!: Client 1:No key Pineapple matches db 
2016-04-15 11:31:40,914 INFO  [Client] Loading configurations from configs.txt..
2016-04-15 11:31:40,916 INFO  [Client] Loading configurations from configs.txt..
2016-04-15 11:31:40,932 INFO  [Client] This request has id :71501518-439a-48d1-bef9-dd2917dda434
2016-04-15 11:31:40,935 INFO  [Client] This request has id :cc5734d5-3d5e-4e31-bf7a-3160a7e9fc31
2016-04-15 11:31:40,989 INFO  [Client] RESULT FROM xinu00.cs.purdue.edu:3700!!!: Client 1: killing xinu00.cs.purdue.edu : 3700
2016-04-15 11:31:42,495 INFO  [Client] RESULT FROM xinu00.cs.purdue.edu:3700!!!: Client 1: 
2016-04-15 11:31:44,365 INFO  [Client] RESULT FROM xinu01.cs.purdue.edu:3700!!!: Client 1:ACK
2016-04-15 11:31:44,512 INFO  [Client] Loading configurations from configs.txt..
2016-04-15 11:31:44,529 INFO  [Client] This request has id :08418799-9cfc-4a67-adb9-17f2ef47aa35
2016-04-15 11:31:46,446 INFO  [Client] RESULT FROM xinu03.cs.purdue.edu:3700!!!: Client 1:ACK
2016-04-15 11:31:46,595 INFO  [Client] Loading configurations from configs.txt..
2016-04-15 11:31:46,613 INFO  [Client] This request has id :accf1730-bce7-4671-a949-16ac4a89c6a7
2016-04-15 11:31:46,996 INFO  [Client] Contact server 1 at hostname:port xinu00.cs.purdue.edu : 3700 FAILED. Trying others..
2016-04-15 11:31:48,532 INFO  [Client] RESULT FROM xinu01.cs.purdue.edu:3700!!!: Client 1:ACK
2016-04-15 11:31:48,697 INFO  [Client] Loading configurations from configs.txt..
2016-04-15 11:31:48,714 INFO  [Client] This request has id :792a2141-01e6-4f3f-9777-34e889177bbf
2016-04-15 11:31:50,633 INFO  [Client] RESULT FROM xinu02.cs.purdue.edu:3700!!!: Client 1:ACK
2016-04-15 11:31:50,781 INFO  [Client] Loading configurations from configs.txt..
2016-04-15 11:31:50,799 INFO  [Client] This request has id :63c788ea-f003-4b30-b9e6-20ecd50a391b
2016-04-15 11:31:50,916 INFO  [Client] RESULT FROM xinu03.cs.purdue.edu:3700!!!: Client 1:ACK
2016-04-15 11:32:03,086 INFO  [Client] Loading configurations from configs.txt..
2016-04-15 11:32:03,105 INFO  [Client] This request has id :2cd2f4eb-d287-4f7b-b482-9a20bb7c34a7
2016-04-15 11:32:03,229 INFO  [Client] RESULT FROM xinu00.cs.purdue.edu:3700!!!: Client 1:iPhone6
2016-04-15 11:32:03,375 INFO  [Client] Loading configurations from configs.txt..
2016-04-15 11:32:03,393 INFO  [Client] This request has id :48e1f6ec-6ff2-4b9e-9da1-3cdcea49cfa2
2016-04-15 11:32:03,508 INFO  [Client] RESULT FROM xinu00.cs.purdue.edu:3700!!!: Client 1:Band
2016-04-15 11:32:03,649 INFO  [Client] Loading configurations from configs.txt..
2016-04-15 11:32:03,667 INFO  [Client] This request has id :3f84ce9d-74d4-40c2-b005-87ca64a6daf2
2016-04-15 11:32:03,781 INFO  [Client] RESULT FROM xinu00.cs.purdue.edu:3700!!!: Client 1:Fire
2016-04-15 11:32:03,928 INFO  [Client] Loading configurations from configs.txt..
2016-04-15 11:32:03,945 INFO  [Client] This request has id :9523f312-11e4-454c-9c22-9b0752cc8e79
2016-04-15 11:32:04,060 INFO  [Client] RESULT FROM xinu00.cs.purdue.edu:3700!!!: Client 1:Nexus
2016-04-15 11:32:04,203 INFO  [Client] Loading configurations from configs.txt..
2016-04-15 11:32:04,221 INFO  [Client] This request has id :a55a47a5-c80a-413f-be4f-e38264b7581c
2016-04-15 11:32:04,338 INFO  [Client] RESULT FROM xinu00.cs.purdue.edu:3700!!!: Client 1:Aspire-V5 Notebook PC
2016-04-15 11:32:30,454 INFO  [Client] Loading configurations from configs.txt..
2016-04-15 11:32:30,472 INFO  [Client] This request has id :b1ec366d-13f5-410b-a529-406d2e077753
2016-04-15 11:32:30,719 INFO  [Client] RESULT FROM xinu00.cs.purdue.edu:3700!!!: Client 1:ACK
2016-04-15 11:32:30,864 INFO  [Client] Loading configurations from configs.txt..
2016-04-15 11:32:30,881 INFO  [Client] This request has id :cfb16df8-2790-4522-a388-230c8ba6b489
2016-04-15 11:32:31,029 INFO  [Client] RESULT FROM xinu01.cs.purdue.edu:3700!!!: Client 1:ACK
2016-04-15 11:32:31,175 INFO  [Client] Loading configurations from configs.txt..
2016-04-15 11:32:31,193 INFO  [Client] This request has id :32844ba3-5cc0-483b-94b3-84991456e8b9
2016-04-15 11:32:31,319 INFO  [Client] RESULT FROM xinu02.cs.purdue.edu:3700!!!: Client 1:ACK
2016-04-15 11:32:31,467 INFO  [Client] Loading configurations from configs.txt..
2016-04-15 11:32:31,485 INFO  [Client] This request has id :5df6f2a0-a3b7-43d9-b1ee-3aca23086a44
2016-04-15 11:32:31,614 INFO  [Client] RESULT FROM xinu03.cs.purdue.edu:3700!!!: Client 1:ACK
2016-04-15 11:32:31,761 INFO  [Client] Loading configurations from configs.txt..
2016-04-15 11:32:31,779 INFO  [Client] This request has id :8cd67d1f-2322-4390-a7b0-740fccd9e247
2016-04-15 11:32:31,907 INFO  [Client] RESULT FROM xinu04.cs.purdue.edu:3700!!!: Client 1:ACK
2016-04-15 11:32:32,053 INFO  [Client] Loading configurations from configs.txt..
2016-04-15 11:32:32,071 INFO  [Client] This request has id :3edd6e94-47dd-4ceb-9a86-c4f2cf67d609
2016-04-15 11:32:32,189 INFO  [Client] RESULT FROM xinu04.cs.purdue.edu:3700!!!: Client 1:Color is Red
2016-04-15 11:32:32,339 INFO  [Client] Loading configurations from configs.txt..
2016-04-15 11:32:32,357 INFO  [Client] This request has id :c1053bdf-ced9-4d8c-8f6f-8c9812d8aa08
2016-04-15 11:32:32,479 INFO  [Client] RESULT FROM xinu01.cs.purdue.edu:3700!!!: Client 1:Color is Yellow
2016-04-15 11:32:32,607 INFO  [Client] Loading configurations from configs.txt..
2016-04-15 11:32:32,624 INFO  [Client] This request has id :83bfe18a-02b1-43a5-be05-3b350670d6af
2016-04-15 11:32:32,742 INFO  [Client] RESULT FROM xinu02.cs.purdue.edu:3700!!!: Client 1:Color is Orange
2016-04-15 11:32:32,872 INFO  [Client] Loading configurations from configs.txt..
2016-04-15 11:32:32,888 INFO  [Client] This request has id :33c4e9ee-a6bf-499c-a015-4c19e0b653db
2016-04-15 11:32:33,011 INFO  [Client] RESULT FROM xinu00.cs.purdue.edu:3700!!!: Client 1:Color is Green
2016-04-15 11:32:33,159 INFO  [Client] Loading configurations from configs.txt..
2016-04-15 11:32:33,177 INFO  [Client] This request has id :65e660b7-759a-4756-8e0f-5efada5c8cc8
2016-04-15 11:32:33,299 INFO  [Client] RESULT FROM xinu03.cs.purdue.edu:3700!!!: Client 1:Color is Yellowish-Green
2016-04-15 11:32:33,447 INFO  [Client] Loading configurations from configs.txt..
2016-04-15 11:32:33,465 INFO  [Client] This request has id :e9d8bd6e-8b81-4104-a39b-4b99f4f51fd5
2016-04-15 11:32:33,593 INFO  [Client] RESULT FROM xinu00.cs.purdue.edu:3700!!!: Client 1:ACK
2016-04-15 11:32:33,736 INFO  [Client] Loading configurations from configs.txt..
2016-04-15 11:32:33,753 INFO  [Client] This request has id :02432a0b-8287-4fa9-98ed-cbc94e8495e7
2016-04-15 11:32:33,873 INFO  [Client] RESULT FROM xinu02.cs.purdue.edu:3700!!!: Client 1:ACK
2016-04-15 11:32:34,021 INFO  [Client] Loading configurations from configs.txt..
2016-04-15 11:32:34,038 INFO  [Client] This request has id :6ccd350a-05f4-4498-9651-728e59bc4fc0
2016-04-15 11:32:34,157 INFO  [Client] RESULT FROM xinu03.cs.purdue.edu:3700!!!: Client 1:ACK
2016-04-15 11:32:34,303 INFO  [Client] Loading configurations from configs.txt..
2016-04-15 11:32:34,322 INFO  [Client] This request has id :60d4e57f-abae-48c4-9590-a4b42db964e0
2016-04-15 11:32:34,444 INFO  [Client] RESULT FROM xinu01.cs.purdue.edu:3700!!!: Client 1:ACK
2016-04-15 11:32:34,591 INFO  [Client] Loading configurations from configs.txt..
2016-04-15 11:32:34,608 INFO  [Client] This request has id :c38698cd-c423-46ce-b93f-86f11514f066
2016-04-15 11:32:34,733 INFO  [Client] RESULT FROM xinu04.cs.purdue.edu:3700!!!: Client 1:ACK
2016-04-15 11:32:34,879 INFO  [Client] Loading configurations from configs.txt..
2016-04-15 11:32:34,897 INFO  [Client] This request has id :4f64cec6-2b7c-4830-ab1d-47e831fd1dd2
2016-04-15 11:32:35,012 INFO  [Client] RESULT FROM xinu04.cs.purdue.edu:3700!!!: Client 1:No key Apple matches db 
2016-04-15 11:32:35,154 INFO  [Client] Loading configurations from configs.txt..
2016-04-15 11:32:35,172 INFO  [Client] This request has id :f31886f8-b0f4-468b-b940-3b3b1bef904e
2016-04-15 11:32:35,291 INFO  [Client] RESULT FROM xinu00.cs.purdue.edu:3700!!!: Client 1:No key Banana matches db 
2016-04-15 11:32:35,437 INFO  [Client] Loading configurations from configs.txt..
2016-04-15 11:32:35,454 INFO  [Client] This request has id :179a6ca5-99ad-4a7d-bd06-1b4de6b7883c
2016-04-15 11:32:35,572 INFO  [Client] RESULT FROM xinu01.cs.purdue.edu:3700!!!: Client 1:No key Orange matches db 
2016-04-15 11:32:35,710 INFO  [Client] Loading configurations from configs.txt..
2016-04-15 11:32:35,728 INFO  [Client] This request has id :977e7a50-f573-48bc-bcdc-0431b15d6a57
2016-04-15 11:32:35,847 INFO  [Client] RESULT FROM xinu02.cs.purdue.edu:3700!!!: Client 1:No key Kiwi matches db 
2016-04-15 11:32:35,992 INFO  [Client] Loading configurations from configs.txt..
2016-04-15 11:32:36,010 INFO  [Client] This request has id :7513a576-f796-4868-80aa-0643ed2dfea4
2016-04-15 11:32:36,131 INFO  [Client] RESULT FROM xinu03.cs.purdue.edu:3700!!!: Client 1:No key Pineapple matches db 
2016-04-15 11:32:36,262 INFO  [Client] Loading configurations from configs.txt..
2016-04-15 11:32:36,263 INFO  [Client] Loading configurations from configs.txt..
2016-04-15 11:32:36,278 INFO  [Client] This request has id :daf0b68b-9619-498a-98b6-c73a3143e12d
2016-04-15 11:32:36,280 INFO  [Client] This request has id :1d6fb9f4-57d9-4d2e-a58f-fe8fe8f4c9a5
2016-04-15 11:32:36,334 INFO  [Client] RESULT FROM xinu00.cs.purdue.edu:3700!!!: Client 1: killing xinu00.cs.purdue.edu : 3700
2016-04-15 11:32:38,201 INFO  [Client] RESULT FROM xinu00.cs.purdue.edu:3700!!!: Client 1:ACK
2016-04-15 11:32:38,349 INFO  [Client] Loading configurations from configs.txt..
2016-04-15 11:32:38,366 INFO  [Client] This request has id :97cc5817-0d27-4f2b-a7bc-957f7b690e21
2016-04-15 11:32:40,284 INFO  [Client] RESULT FROM xinu03.cs.purdue.edu:3700!!!: Client 1:ACK
2016-04-15 11:32:40,433 INFO  [Client] Loading configurations from configs.txt..
2016-04-15 11:32:40,451 INFO  [Client] This request has id :d8d59c95-41d4-4b54-9422-2b2e4553c7eb
2016-04-15 11:32:42,342 INFO  [Client] Contact server 1 at hostname:port xinu00.cs.purdue.edu : 3700 FAILED. Trying others..
2016-04-15 11:32:42,373 INFO  [Client] RESULT FROM xinu01.cs.purdue.edu:3700!!!: Client 1:ACK
2016-04-15 11:32:42,519 INFO  [Client] Loading configurations from configs.txt..
2016-04-15 11:32:42,537 INFO  [Client] This request has id :d3fae778-6743-4418-8ff8-c0772c1d6cca
2016-04-15 11:32:44,456 INFO  [Client] RESULT FROM xinu02.cs.purdue.edu:3700!!!: Client 1:ACK
2016-04-15 11:32:44,605 INFO  [Client] Loading configurations from configs.txt..
2016-04-15 11:32:44,623 INFO  [Client] This request has id :7d1f1a36-2c3f-4233-ba85-bda3ac457aca
2016-04-15 11:32:46,546 INFO  [Client] RESULT FROM xinu03.cs.purdue.edu:3700!!!: Client 1:ACK
2016-04-15 11:32:58,706 INFO  [Client] Loading configurations from configs.txt..
2016-04-15 11:32:58,725 INFO  [Client] This request has id :3c9f3f44-77c1-4024-a3c5-e85c2f0b2ef3
2016-04-15 11:32:58,845 INFO  [Client] RESULT FROM xinu00.cs.purdue.edu:3700!!!: Client 1:iPhone6
2016-04-15 11:32:58,990 INFO  [Client] Loading configurations from configs.txt..
2016-04-15 11:32:59,008 INFO  [Client] This request has id :e2cd4c87-83d0-43ff-b00a-20bedb91d74f
2016-04-15 11:32:59,123 INFO  [Client] RESULT FROM xinu00.cs.purdue.edu:3700!!!: Client 1:Band
2016-04-15 11:32:59,270 INFO  [Client] Loading configurations from configs.txt..
2016-04-15 11:32:59,288 INFO  [Client] This request has id :f5d730c7-a41e-4156-a492-a41c7e6e6f51
2016-04-15 11:32:59,403 INFO  [Client] RESULT FROM xinu00.cs.purdue.edu:3700!!!: Client 1:Fire
2016-04-15 11:32:59,536 INFO  [Client] Loading configurations from configs.txt..
2016-04-15 11:32:59,552 INFO  [Client] This request has id :821d94f0-8d4c-43c6-ad75-b2fa4a370548
2016-04-15 11:32:59,664 INFO  [Client] RESULT FROM xinu00.cs.purdue.edu:3700!!!: Client 1:Nexus
2016-04-15 11:32:59,781 INFO  [Client] Loading configurations from configs.txt..
2016-04-15 11:32:59,796 INFO  [Client] This request has id :9d00bab4-c62f-401d-8145-dce21eb366d8
2016-04-15 11:32:59,908 INFO  [Client] RESULT FROM xinu00.cs.purdue.edu:3700!!!: Client 1:Aspire-V5 Notebook PC
